<?xml version="1.0" encoding="UTF-8"?>
<!-- Generated by org.testng.reporters.JUnitXMLReporter -->
<testsuite ignored="0" hostname="MAC" failures="1" tests="5" name="ExchangeApp Test on CHROME" time="34.14" errors="0" timestamp="2023-03-16T18:21:15 IST">
  <testcase classname="com.koinpro.testCases.ForgetPasswordTest" name="ForgetPassword_Test001" time="8.338">
    <failure type="java.lang.AssertionError" message="expected [true] but found [false]">
      <![CDATA[java.lang.AssertionError: expected [true] but found [false]
at com.koinpro.testCases.ForgetPasswordTest.ForgetPassword_Test001(ForgetPasswordTest.java:34)
at java.base/java.util.ArrayList.forEach(ArrayList.java:1511)
... Removed 31 stack frames]]>
    </failure>
  </testcase> <!-- ForgetPassword_Test001 -->
  <testcase classname="com.koinpro.testCases.ForgetPasswordTest" name="ForgetPassword_Test002_Timecheck" time="4.71"/>
  <testcase classname="com.koinpro.testCases.ForgetPasswordTest" name="ForgetPassword_Test003_NoUser" time="4.359"/>
  <testcase classname="com.koinpro.testCases.ForgetPasswordTest" name="ForgetPassword_Test004_invalid_Email_Format" time="4.193"/>
  <testcase classname="com.koinpro.testCases.ForgetPasswordTest" name="ForgetPassword_Test005_ResendLink" time="4.269"/>
</testsuite> <!-- ExchangeApp Test on CHROME -->
