<?xml version="1.0" encoding="UTF-8"?>
<!-- Generated by org.testng.reporters.JUnitXMLReporter -->
<testsuite ignored="0" hostname="MAC" failures="2" tests="3" name="Test" time="11.554" errors="0" timestamp="2022-12-30T12:15:12 IST">
  <testcase classname="com.koinpro.testCases.firstTest" name="FirstTest001" time="0.026"/>
  <testcase classname="com.koinpro.testCases.firstTest" name="sampleTest" time="0.01">
    <failure type="java.lang.AssertionError" message="expected [true] but found [false]">
      <![CDATA[java.lang.AssertionError: expected [true] but found [false]
at com.koinpro.testCases.firstTest.sampleTest(firstTest.java:45)
at java.base/java.util.ArrayList.forEach(ArrayList.java:1511)
... Removed 29 stack frames]]>
    </failure>
  </testcase> <!-- sampleTest -->
  <testcase classname="com.koinpro.testCases.firstTest" name="secondTest001" time="0.016">
    <failure type="java.lang.AssertionError" message="expected [true] but found [false]">
      <![CDATA[java.lang.AssertionError: expected [true] but found [false]
at com.koinpro.testCases.firstTest.secondTest001(firstTest.java:29)
at java.base/java.util.ArrayList.forEach(ArrayList.java:1511)
... Removed 29 stack frames]]>
    </failure>
  </testcase> <!-- secondTest001 -->
</testsuite> <!-- Test -->
