<?xml version="1.0" encoding="UTF-8"?>
<!-- Generated by org.testng.reporters.JUnitXMLReporter -->
<testsuite ignored="0" hostname="MAC" failures="0" tests="7" name="ExchangeApp Test on CHROME" time="40.676" errors="0" timestamp="2023-03-13T16:57:42 IST">
  <testcase classname="com.koinpro.testCases.LoginTest" name="TC_LoginTest_001" time="5.588"/>
  <testcase classname="com.koinpro.testCases.LoginTest" name="TC_LoginTest_002" time="4.021"/>
  <testcase classname="com.koinpro.testCases.LoginTest" name="TC_LoginTest_003" time="4.119"/>
  <testcase classname="com.koinpro.testCases.LoginTest" name="TC_LoginTest_004" time="4.149"/>
  <testcase classname="com.koinpro.testCases.LoginTest" name="TC_LoginTest_005" time="5.035"/>
  <testcase classname="com.koinpro.testCases.LoginTest" name="TC_LoginTest_006" time="4.051"/>
  <testcase classname="com.koinpro.testCases.LoginTest" name="TC_LoginTest_007" time="4.088"/>
</testsuite> <!-- ExchangeApp Test on CHROME -->
