<?xml version="1.0" encoding="UTF-8"?>
<!-- Generated by org.testng.reporters.JUnitXMLReporter -->
<testsuite ignored="5" hostname="MAC" failures="0" tests="2" name="ExchangeApp Test on edge" time="22.769" errors="0" timestamp="2023-03-15T15:36:28 IST">
  <testcase classname="com.koinpro.testCases.LoginTest" name="TC_LoginTest_001" time="11.257"/>
  <testcase classname="com.koinpro.testCases.LoginTest" name="TC_LoginTest_002" time="4.473"/>
  <testcase classname="com.koinpro.testCases.LoginTest" name="TC_LoginTest_003" time="0.0">
    <ignored/>
  </testcase> <!-- TC_LoginTest_003 -->
  <testcase classname="com.koinpro.testCases.LoginTest" name="TC_LoginTest_004" time="0.0">
    <ignored/>
  </testcase> <!-- TC_LoginTest_004 -->
  <testcase classname="com.koinpro.testCases.LoginTest" name="TC_LoginTest_005" time="0.0">
    <ignored/>
  </testcase> <!-- TC_LoginTest_005 -->
  <testcase classname="com.koinpro.testCases.LoginTest" name="TC_LoginTest_006" time="0.0">
    <ignored/>
  </testcase> <!-- TC_LoginTest_006 -->
  <testcase classname="com.koinpro.testCases.LoginTest" name="TC_LoginTest_007" time="0.0">
    <ignored/>
  </testcase> <!-- TC_LoginTest_007 -->
</testsuite> <!-- ExchangeApp Test on edge -->
