<?xml version="1.0" encoding="UTF-8"?>
<testng-results ignored="5" total="7" passed="2" failed="0" skipped="0">
  <reporter-output>
  </reporter-output>
  <suite started-at="2023-03-15T15:48:56 IST" name="Suite" finished-at="2023-03-15T15:49:20 IST" duration-ms="24532">
    <groups>
    </groups>
    <test started-at="2023-03-15T15:48:56 IST" name="ExchangeApp Test on CHROME" finished-at="2023-03-15T15:48:56 IST" duration-ms="16">
    </test> <!-- ExchangeApp Test on CHROME -->
    <test started-at="2023-03-15T15:48:56 IST" name="ExchangeApp Test on edge" finished-at="2023-03-15T15:49:20 IST" duration-ms="24494">
      <class name="com.koinpro.testCases.LoginTest">
        <test-method is-config="true" signature="BeforeSuite()[pri:0, instance:com.koinpro.testCases.LoginTest@243c4f91]" started-at="2023-03-15T15:48:55 IST" name="BeforeSuite" finished-at="2023-03-15T15:48:56 IST" duration-ms="402" status="PASS">
          <reporter-output>
          </reporter-output>
        </test-method> <!-- BeforeSuite -->
        <test-method is-config="true" signature="setUp(java.lang.String)[pri:0, instance:com.koinpro.testCases.LoginTest@243c4f91]" started-at="2023-03-15T15:48:56 IST" name="setUp" finished-at="2023-03-15T15:49:01 IST" duration-ms="5078" status="PASS">
          <params>
            <param index="0">
              <value>
                <![CDATA[firefox]]>
              </value>
            </param>
          </params>
          <reporter-output>
          </reporter-output>
        </test-method> <!-- setUp -->
        <test-method signature="TC_LoginTest_001()[pri:0, instance:com.koinpro.testCases.LoginTest@243c4f91]" started-at="2023-03-15T15:49:01 IST" name="TC_LoginTest_001" finished-at="2023-03-15T15:49:08 IST" duration-ms="7434" status="PASS">
          <reporter-output>
          </reporter-output>
        </test-method> <!-- TC_LoginTest_001 -->
        <test-method is-config="true" signature="tearDown()[pri:0, instance:com.koinpro.testCases.LoginTest@243c4f91]" started-at="2023-03-15T15:49:08 IST" name="tearDown" finished-at="2023-03-15T15:49:11 IST" duration-ms="2669" status="PASS">
          <reporter-output>
          </reporter-output>
        </test-method> <!-- tearDown -->
        <test-method is-config="true" signature="setUp(java.lang.String)[pri:0, instance:com.koinpro.testCases.LoginTest@243c4f91]" started-at="2023-03-15T15:49:11 IST" name="setUp" finished-at="2023-03-15T15:49:14 IST" duration-ms="3049" status="PASS">
          <params>
            <param index="0">
              <value>
                <![CDATA[firefox]]>
              </value>
            </param>
          </params>
          <reporter-output>
          </reporter-output>
        </test-method> <!-- setUp -->
        <test-method signature="TC_LoginTest_002()[pri:0, instance:com.koinpro.testCases.LoginTest@243c4f91]" started-at="2023-03-15T15:49:14 IST" name="TC_LoginTest_002" finished-at="2023-03-15T15:49:19 IST" duration-ms="5053" status="PASS">
          <reporter-output>
          </reporter-output>
        </test-method> <!-- TC_LoginTest_002 -->
        <test-method is-config="true" signature="tearDown()[pri:0, instance:com.koinpro.testCases.LoginTest@243c4f91]" started-at="2023-03-15T15:49:19 IST" name="tearDown" finished-at="2023-03-15T15:49:20 IST" duration-ms="1179" status="PASS">
          <reporter-output>
          </reporter-output>
        </test-method> <!-- tearDown -->
        <test-method is-config="true" signature="AfterSuite()[pri:0, instance:com.koinpro.testCases.LoginTest@243c4f91]" started-at="2023-03-15T15:49:20 IST" name="AfterSuite" finished-at="2023-03-15T15:49:21 IST" duration-ms="352" status="PASS">
          <reporter-output>
          </reporter-output>
        </test-method> <!-- AfterSuite -->
      </class> <!-- com.koinpro.testCases.LoginTest -->
    </test> <!-- ExchangeApp Test on edge -->
  </suite> <!-- Suite -->
</testng-results>
